<?xml version="1.0" encoding="UTF-8"?>
<!-- Generated by org.testng.reporters.JUnitXMLReporter -->
<testsuite hostname="LAPTOP-1D2BF5H9" ignored="0" name="Test" tests="1" failures="0" timestamp="2021-12-27T12:36:16 IST" time="0.08" errors="0">
  <testcase name="@BeforeClass lunchBrowser" time="0.013" classname="com.crm.autodesk.genericUtility.BaseClass">
    <failure type="java.lang.NullPointerException">
      <![CDATA[java.lang.NullPointerException
at com.crm.autodesk.genericUtility.BaseClass.lunchBrowser(BaseClass.java:31)
at java.util.ArrayList.forEach(ArrayList.java:1257)
... Removed 25 stack frames]]>
    </failure>
  </testcase> <!-- @BeforeClass lunchBrowser -->
  <testcase name="@BeforeMethod loginToApp" time="-1.64058877609E9" classname="com.crm.autodesk.genericUtility.BaseClass">
    <skipped/>
  </testcase> <!-- @BeforeMethod loginToApp -->
  <testcase name="@AfterMethod logoutFromApp" time="-1.640588776104E9" classname="com.crm.autodesk.genericUtility.BaseClass">
    <skipped/>
  </testcase> <!-- @AfterMethod logoutFromApp -->
  <testcase name="@AfterClass closeBrowser" time="-1.640588776107E9" classname="com.crm.autodesk.genericUtility.BaseClass">
    <skipped/>
  </testcase> <!-- @AfterClass closeBrowser -->
  <testcase name="CreateOrgTest" time="0.0" classname="typractice.createOrg">
    <skipped/>
  </testcase> <!-- CreateOrgTest -->
</testsuite> <!-- Test -->
